<?xml version="1.0" encoding="UTF-8"?>
<!-- Generated by org.testng.reporters.JUnitReportReporter -->
<testsuite skipped="0" hostname="Ns-MacBook-Pro.local" name="lab.Main" tests="3" failures="0" timestamp="12 Sep 2018 13:21:49 GMT" time="4.720" errors="0">
  <testcase name="getTextFromElement" time="0.006" classname="lab.Main"/>
  <testcase name="checkBoxWithJavascriptExecutor" time="2.994" classname="lab.Main"/>
  <testcase name="radioButton" time="1.720" classname="lab.Main"/>
</testsuite> <!-- lab.Main -->
