<?xml version="1.0" encoding="UTF-8"?>
<!-- Generated by org.testng.reporters.JUnitReportReporter -->
<testsuite skipped="1" hostname="Ns-MacBook-Pro.local" name="lab.Main" tests="3" failures="0" timestamp="11 Sep 2018 14:17:02 GMT" time="4.903" errors="0">
  <testcase name="open" time="4.827" classname="lab.Main"/>
  <testcase name="checkBox" time="0.076" classname="lab.Main"/>
  <testcase name="radioButton" classname="lab.Main">
    <skipped/>
  </testcase> <!-- radioButton -->
</testsuite> <!-- lab.Main -->
